2018-07-09 17:08:58 [main] INFO  - class [com.zhangrui.demo.MyApplication] - Starting MyApplication on NSC with PID 12436 (F:\Projects\MySpringBoot\target\classes started by nsc in F:\Projects\MySpringBoot)
2018-07-09 17:08:58 [main] DEBUG - class [com.zhangrui.demo.MyApplication] - Running with Spring Boot v1.5.1.RELEASE, Spring v4.3.6.RELEASE
2018-07-09 17:08:58 [main] INFO  - class [com.zhangrui.demo.MyApplication] - The following profiles are active: dev
2018-07-09 17:08:59 [background-preinit] DEBUG - class [org.jboss.logging] - Logging Provider: org.jboss.logging.Slf4jLoggerProvider found via system property
2018-07-09 17:08:59 [background-preinit] INFO  - class [org.hibernate.validator.internal.util.Version] - HV000001: Hibernate Validator 5.3.4.Final
2018-07-09 17:08:59 [background-preinit] DEBUG - class [org.hibernate.validator.internal.engine.resolver.DefaultTraversableResolver] - Cannot find javax.persistence.Persistence on classpath. Assuming non JPA 2 environment. All properties will per default be traversable.
2018-07-09 17:09:00 [main] DEBUG - class [org.hibernate.validator.internal.engine.resolver.DefaultTraversableResolver] - Cannot find javax.persistence.Persistence on classpath. Assuming non JPA 2 environment. All properties will per default be traversable.
2018-07-09 17:09:00 [main] DEBUG - class [org.hibernate.validator.internal.engine.resolver.DefaultTraversableResolver] - Cannot find javax.persistence.Persistence on classpath. Assuming non JPA 2 environment. All properties will per default be traversable.
2018-07-09 17:09:00 [main] DEBUG - class [org.hibernate.validator.internal.engine.ConfigurationImpl] - Setting custom MessageInterpolator of type org.springframework.validation.beanvalidation.LocaleContextMessageInterpolator
2018-07-09 17:09:00 [main] DEBUG - class [org.hibernate.validator.internal.engine.ConfigurationImpl] - Setting custom ConstraintValidatorFactory of type org.springframework.validation.beanvalidation.SpringConstraintValidatorFactory
2018-07-09 17:09:00 [main] DEBUG - class [org.hibernate.validator.internal.engine.ConfigurationImpl] - Setting custom ParameterNameProvider of type com.sun.proxy.$Proxy43
2018-07-09 17:09:00 [main] DEBUG - class [org.hibernate.validator.internal.xml.ValidationXmlParser] - Trying to load META-INF/validation.xml for XML based Validator configuration.
2018-07-09 17:09:00 [main] DEBUG - class [org.hibernate.validator.internal.xml.ResourceLoaderHelper] - Trying to load META-INF/validation.xml via user class loader
2018-07-09 17:09:00 [main] DEBUG - class [org.hibernate.validator.internal.xml.ResourceLoaderHelper] - Trying to load META-INF/validation.xml via TCCL
2018-07-09 17:09:00 [main] DEBUG - class [org.hibernate.validator.internal.xml.ResourceLoaderHelper] - Trying to load META-INF/validation.xml via Hibernate Validator's class loader
2018-07-09 17:09:00 [main] DEBUG - class [org.hibernate.validator.internal.xml.ValidationXmlParser] - No META-INF/validation.xml found. Using annotation based configuration only.
2018-07-09 17:09:00 [main] DEBUG - class [org.hibernate.validator.internal.engine.resolver.DefaultTraversableResolver] - Cannot find javax.persistence.Persistence on classpath. Assuming non JPA 2 environment. All properties will per default be traversable.
2018-07-09 17:09:00 [main] DEBUG - class [org.hibernate.validator.internal.engine.resolver.DefaultTraversableResolver] - Cannot find javax.persistence.Persistence on classpath. Assuming non JPA 2 environment. All properties will per default be traversable.
2018-07-09 17:09:00 [main] DEBUG - class [org.hibernate.validator.internal.engine.ConfigurationImpl] - Setting custom MessageInterpolator of type org.springframework.validation.beanvalidation.LocaleContextMessageInterpolator
2018-07-09 17:09:00 [main] DEBUG - class [org.hibernate.validator.internal.engine.ConfigurationImpl] - Setting custom ConstraintValidatorFactory of type org.springframework.validation.beanvalidation.SpringConstraintValidatorFactory
2018-07-09 17:09:00 [main] DEBUG - class [org.hibernate.validator.internal.engine.ConfigurationImpl] - Setting custom ParameterNameProvider of type com.sun.proxy.$Proxy43
2018-07-09 17:09:00 [main] DEBUG - class [org.hibernate.validator.internal.xml.ValidationXmlParser] - Trying to load META-INF/validation.xml for XML based Validator configuration.
2018-07-09 17:09:00 [main] DEBUG - class [org.hibernate.validator.internal.xml.ResourceLoaderHelper] - Trying to load META-INF/validation.xml via user class loader
2018-07-09 17:09:00 [main] DEBUG - class [org.hibernate.validator.internal.xml.ResourceLoaderHelper] - Trying to load META-INF/validation.xml via TCCL
2018-07-09 17:09:00 [main] DEBUG - class [org.hibernate.validator.internal.xml.ResourceLoaderHelper] - Trying to load META-INF/validation.xml via Hibernate Validator's class loader
2018-07-09 17:09:00 [main] DEBUG - class [org.hibernate.validator.internal.xml.ValidationXmlParser] - No META-INF/validation.xml found. Using annotation based configuration only.
2018-07-09 17:09:01 [main] INFO  - class [org.apache.catalina.core.StandardService] - Starting service Tomcat
2018-07-09 17:09:01 [main] INFO  - class [org.apache.catalina.core.StandardEngine] - Starting Servlet Engine: Apache Tomcat/8.5.11
2018-07-09 17:09:01 [localhost-startStop-1] INFO  - class [org.apache.catalina.core.ContainerBase.[Tomcat].[localhost].[/]] - Initializing Spring embedded WebApplicationContext
2018-07-09 17:09:02 [main] DEBUG - class [org.hibernate.validator.internal.engine.resolver.DefaultTraversableResolver] - Cannot find javax.persistence.Persistence on classpath. Assuming non JPA 2 environment. All properties will per default be traversable.
2018-07-09 17:09:02 [main] DEBUG - class [org.hibernate.validator.internal.engine.ConfigurationImpl] - Setting custom MessageInterpolator of type org.springframework.validation.beanvalidation.LocaleContextMessageInterpolator
2018-07-09 17:09:02 [main] DEBUG - class [org.hibernate.validator.internal.engine.ConfigurationImpl] - Setting custom ConstraintValidatorFactory of type org.springframework.validation.beanvalidation.SpringConstraintValidatorFactory
2018-07-09 17:09:02 [main] DEBUG - class [org.hibernate.validator.internal.engine.ConfigurationImpl] - Setting custom ParameterNameProvider of type com.sun.proxy.$Proxy43
2018-07-09 17:09:02 [main] DEBUG - class [org.hibernate.validator.internal.xml.ValidationXmlParser] - Trying to load META-INF/validation.xml for XML based Validator configuration.
2018-07-09 17:09:02 [main] DEBUG - class [org.hibernate.validator.internal.xml.ResourceLoaderHelper] - Trying to load META-INF/validation.xml via user class loader
2018-07-09 17:09:02 [main] DEBUG - class [org.hibernate.validator.internal.xml.ResourceLoaderHelper] - Trying to load META-INF/validation.xml via TCCL
2018-07-09 17:09:02 [main] DEBUG - class [org.hibernate.validator.internal.xml.ResourceLoaderHelper] - Trying to load META-INF/validation.xml via Hibernate Validator's class loader
2018-07-09 17:09:02 [main] DEBUG - class [org.hibernate.validator.internal.xml.ValidationXmlParser] - No META-INF/validation.xml found. Using annotation based configuration only.
2018-07-09 17:09:02 [main] WARN  - class [org.springframework.boot.autoconfigure.thymeleaf.AbstractTemplateResolverConfiguration] - Cannot find template location: classpath:/templates/ (please add some templates or check your Thymeleaf configuration)
2018-07-09 17:09:02 [main] WARN  - class [org.springframework.boot.autoconfigure.freemarker.FreeMarkerAutoConfiguration] - Cannot find template location(s): [classpath:/templates/] (please add some templates, check your FreeMarker configuration, or set spring.freemarker.checkTemplateLocation=false)
2018-07-09 17:09:02 [main] INFO  - class [org.apache.coyote.http11.Http11NioProtocol] - Initializing ProtocolHandler ["http-nio-8080"]
2018-07-09 17:09:02 [main] INFO  - class [org.apache.coyote.http11.Http11NioProtocol] - Starting ProtocolHandler [http-nio-8080]
2018-07-09 17:09:02 [main] INFO  - class [org.apache.tomcat.util.net.NioSelectorPool] - Using a shared selector for servlet write/read
2018-07-09 17:09:03 [main] INFO  - class [com.zhangrui.demo.MyApplication] - Started MyApplication in 5.48 seconds (JVM running for 6.701)
2018-07-09 17:09:23 [http-nio-8080-exec-1] INFO  - class [org.apache.catalina.core.ContainerBase.[Tomcat].[localhost].[/]] - Initializing Spring FrameworkServlet 'dispatcherServlet'
2018-07-09 17:09:24 [http-nio-8080-exec-1] DEBUG - class [freemarker.cache] - Couldn't find template in cache for "error.ftl"("zh_CN", UTF-8, parsed); will try to load it.
2018-07-09 17:09:24 [http-nio-8080-exec-1] DEBUG - class [freemarker.cache] - TemplateLoader.findTemplateSource("error_zh_CN.ftl"): Not found
2018-07-09 17:09:24 [http-nio-8080-exec-1] DEBUG - class [freemarker.cache] - TemplateLoader.findTemplateSource("error_zh.ftl"): Not found
2018-07-09 17:09:24 [http-nio-8080-exec-1] DEBUG - class [freemarker.cache] - TemplateLoader.findTemplateSource("error.ftl"): Not found
2018-07-09 17:16:29 [main] INFO  - class [com.zhangrui.demo.MyApplication] - Starting MyApplication on NSC with PID 18880 (F:\Projects\MySpringBoot\target\classes started by nsc in F:\Projects\MySpringBoot)
2018-07-09 17:16:29 [main] DEBUG - class [com.zhangrui.demo.MyApplication] - Running with Spring Boot v1.5.1.RELEASE, Spring v4.3.6.RELEASE
2018-07-09 17:16:29 [main] INFO  - class [com.zhangrui.demo.MyApplication] - The following profiles are active: dev
2018-07-09 17:16:29 [background-preinit] DEBUG - class [org.jboss.logging] - Logging Provider: org.jboss.logging.Slf4jLoggerProvider found via system property
2018-07-09 17:16:29 [background-preinit] INFO  - class [org.hibernate.validator.internal.util.Version] - HV000001: Hibernate Validator 5.3.4.Final
2018-07-09 17:16:29 [background-preinit] DEBUG - class [org.hibernate.validator.internal.engine.resolver.DefaultTraversableResolver] - Cannot find javax.persistence.Persistence on classpath. Assuming non JPA 2 environment. All properties will per default be traversable.
2018-07-09 17:16:30 [main] DEBUG - class [org.hibernate.validator.internal.engine.resolver.DefaultTraversableResolver] - Cannot find javax.persistence.Persistence on classpath. Assuming non JPA 2 environment. All properties will per default be traversable.
2018-07-09 17:16:30 [main] DEBUG - class [org.hibernate.validator.internal.engine.resolver.DefaultTraversableResolver] - Cannot find javax.persistence.Persistence on classpath. Assuming non JPA 2 environment. All properties will per default be traversable.
2018-07-09 17:16:30 [main] DEBUG - class [org.hibernate.validator.internal.engine.ConfigurationImpl] - Setting custom MessageInterpolator of type org.springframework.validation.beanvalidation.LocaleContextMessageInterpolator
2018-07-09 17:16:30 [main] DEBUG - class [org.hibernate.validator.internal.engine.ConfigurationImpl] - Setting custom ConstraintValidatorFactory of type org.springframework.validation.beanvalidation.SpringConstraintValidatorFactory
2018-07-09 17:16:30 [main] DEBUG - class [org.hibernate.validator.internal.engine.ConfigurationImpl] - Setting custom ParameterNameProvider of type com.sun.proxy.$Proxy43
2018-07-09 17:16:30 [main] DEBUG - class [org.hibernate.validator.internal.xml.ValidationXmlParser] - Trying to load META-INF/validation.xml for XML based Validator configuration.
2018-07-09 17:16:30 [main] DEBUG - class [org.hibernate.validator.internal.xml.ResourceLoaderHelper] - Trying to load META-INF/validation.xml via user class loader
2018-07-09 17:16:30 [main] DEBUG - class [org.hibernate.validator.internal.xml.ResourceLoaderHelper] - Trying to load META-INF/validation.xml via TCCL
2018-07-09 17:16:30 [main] DEBUG - class [org.hibernate.validator.internal.xml.ResourceLoaderHelper] - Trying to load META-INF/validation.xml via Hibernate Validator's class loader
2018-07-09 17:16:30 [main] DEBUG - class [org.hibernate.validator.internal.xml.ValidationXmlParser] - No META-INF/validation.xml found. Using annotation based configuration only.
2018-07-09 17:16:30 [main] DEBUG - class [org.hibernate.validator.internal.engine.resolver.DefaultTraversableResolver] - Cannot find javax.persistence.Persistence on classpath. Assuming non JPA 2 environment. All properties will per default be traversable.
2018-07-09 17:16:30 [main] DEBUG - class [org.hibernate.validator.internal.engine.resolver.DefaultTraversableResolver] - Cannot find javax.persistence.Persistence on classpath. Assuming non JPA 2 environment. All properties will per default be traversable.
2018-07-09 17:16:30 [main] DEBUG - class [org.hibernate.validator.internal.engine.ConfigurationImpl] - Setting custom MessageInterpolator of type org.springframework.validation.beanvalidation.LocaleContextMessageInterpolator
2018-07-09 17:16:30 [main] DEBUG - class [org.hibernate.validator.internal.engine.ConfigurationImpl] - Setting custom ConstraintValidatorFactory of type org.springframework.validation.beanvalidation.SpringConstraintValidatorFactory
2018-07-09 17:16:30 [main] DEBUG - class [org.hibernate.validator.internal.engine.ConfigurationImpl] - Setting custom ParameterNameProvider of type com.sun.proxy.$Proxy43
2018-07-09 17:16:30 [main] DEBUG - class [org.hibernate.validator.internal.xml.ValidationXmlParser] - Trying to load META-INF/validation.xml for XML based Validator configuration.
2018-07-09 17:16:30 [main] DEBUG - class [org.hibernate.validator.internal.xml.ResourceLoaderHelper] - Trying to load META-INF/validation.xml via user class loader
2018-07-09 17:16:30 [main] DEBUG - class [org.hibernate.validator.internal.xml.ResourceLoaderHelper] - Trying to load META-INF/validation.xml via TCCL
2018-07-09 17:16:30 [main] DEBUG - class [org.hibernate.validator.internal.xml.ResourceLoaderHelper] - Trying to load META-INF/validation.xml via Hibernate Validator's class loader
2018-07-09 17:16:30 [main] DEBUG - class [org.hibernate.validator.internal.xml.ValidationXmlParser] - No META-INF/validation.xml found. Using annotation based configuration only.
2018-07-09 17:16:31 [main] INFO  - class [org.apache.catalina.core.StandardService] - Starting service Tomcat
2018-07-09 17:16:31 [main] INFO  - class [org.apache.catalina.core.StandardEngine] - Starting Servlet Engine: Apache Tomcat/8.5.11
2018-07-09 17:16:31 [localhost-startStop-1] INFO  - class [org.apache.catalina.core.ContainerBase.[Tomcat].[localhost].[/]] - Initializing Spring embedded WebApplicationContext
2018-07-09 17:16:32 [main] DEBUG - class [org.hibernate.validator.internal.engine.resolver.DefaultTraversableResolver] - Cannot find javax.persistence.Persistence on classpath. Assuming non JPA 2 environment. All properties will per default be traversable.
2018-07-09 17:16:32 [main] DEBUG - class [org.hibernate.validator.internal.engine.ConfigurationImpl] - Setting custom MessageInterpolator of type org.springframework.validation.beanvalidation.LocaleContextMessageInterpolator
2018-07-09 17:16:32 [main] DEBUG - class [org.hibernate.validator.internal.engine.ConfigurationImpl] - Setting custom ConstraintValidatorFactory of type org.springframework.validation.beanvalidation.SpringConstraintValidatorFactory
2018-07-09 17:16:32 [main] DEBUG - class [org.hibernate.validator.internal.engine.ConfigurationImpl] - Setting custom ParameterNameProvider of type com.sun.proxy.$Proxy43
2018-07-09 17:16:32 [main] DEBUG - class [org.hibernate.validator.internal.xml.ValidationXmlParser] - Trying to load META-INF/validation.xml for XML based Validator configuration.
2018-07-09 17:16:32 [main] DEBUG - class [org.hibernate.validator.internal.xml.ResourceLoaderHelper] - Trying to load META-INF/validation.xml via user class loader
2018-07-09 17:16:32 [main] DEBUG - class [org.hibernate.validator.internal.xml.ResourceLoaderHelper] - Trying to load META-INF/validation.xml via TCCL
2018-07-09 17:16:32 [main] DEBUG - class [org.hibernate.validator.internal.xml.ResourceLoaderHelper] - Trying to load META-INF/validation.xml via Hibernate Validator's class loader
2018-07-09 17:16:32 [main] DEBUG - class [org.hibernate.validator.internal.xml.ValidationXmlParser] - No META-INF/validation.xml found. Using annotation based configuration only.
2018-07-09 17:16:32 [main] WARN  - class [org.springframework.boot.autoconfigure.thymeleaf.AbstractTemplateResolverConfiguration] - Cannot find template location: classpath:/templates/ (please add some templates or check your Thymeleaf configuration)
2018-07-09 17:16:32 [main] WARN  - class [org.springframework.boot.autoconfigure.freemarker.FreeMarkerAutoConfiguration] - Cannot find template location(s): [classpath:/templates/] (please add some templates, check your FreeMarker configuration, or set spring.freemarker.checkTemplateLocation=false)
2018-07-09 17:16:32 [main] INFO  - class [org.apache.coyote.http11.Http11NioProtocol] - Initializing ProtocolHandler ["http-nio-9999"]
2018-07-09 17:16:32 [main] INFO  - class [org.apache.coyote.http11.Http11NioProtocol] - Starting ProtocolHandler [http-nio-9999]
2018-07-09 17:16:32 [main] INFO  - class [org.apache.tomcat.util.net.NioSelectorPool] - Using a shared selector for servlet write/read
2018-07-09 17:16:32 [main] INFO  - class [com.zhangrui.demo.MyApplication] - Started MyApplication in 3.783 seconds (JVM running for 4.256)
2018-07-09 17:16:37 [http-nio-9999-exec-1] INFO  - class [org.apache.catalina.core.ContainerBase.[Tomcat].[localhost].[/]] - Initializing Spring FrameworkServlet 'dispatcherServlet'
